Watching for file changes with StatReloader
Performing system checks...

System check identified some issues:

WARNINGS:
todos.Todo: (models.W042) Auto-created primary key used when not defining a primary key type, by default 'django.db.models.AutoField'.
	HINT: Configure the DEFAULT_AUTO_FIELD setting or the TodosConfig.default_auto_field attribute to point to a subclass of AutoField, e.g. 'django.db.models.BigAutoField'.

System check identified 1 issue (0 silenced).
November 03, 2023 - 12:15:58
Django version 4.2.7, using settings 'todoApp.settings'
Starting development server at http://0.0.0.0:8001/
Quit the server with CONTROL-C.

Watching for file changes with StatReloader
Performing system checks...

System check identified some issues:

WARNINGS:
todos.Todo: (models.W042) Auto-created primary key used when not defining a primary key type, by default 'django.db.models.AutoField'.
	HINT: Configure the DEFAULT_AUTO_FIELD setting or the TodosConfig.default_auto_field attribute to point to a subclass of AutoField, e.g. 'django.db.models.BigAutoField'.

System check identified 1 issue (0 silenced).
November 03, 2023 - 12:17:22
Django version 4.2.7, using settings 'todoApp.settings'
Starting development server at http://0.0.0.0:8001/
Quit the server with CONTROL-C.

[03/Nov/2023 12:17:38] "GET / HTTP/1.1" 302 0
[03/Nov/2023 12:17:39] "GET /todos/ HTTP/1.1" 200 3589
[03/Nov/2023 12:17:39] "GET /static/css/style.css HTTP/1.1" 304 0
[03/Nov/2023 12:17:52] "POST /todos/3/update HTTP/1.1" 302 0
[03/Nov/2023 12:17:52] "GET /todos/ HTTP/1.1" 200 3552
Watching for file changes with StatReloader
Performing system checks...

System check identified some issues:

WARNINGS:
todos.Todo: (models.W042) Auto-created primary key used when not defining a primary key type, by default 'django.db.models.AutoField'.
	HINT: Configure the DEFAULT_AUTO_FIELD setting or the TodosConfig.default_auto_field attribute to point to a subclass of AutoField, e.g. 'django.db.models.BigAutoField'.

System check identified 1 issue (0 silenced).
November 03, 2023 - 12:30:33
Django version 4.2.7, using settings 'todoApp.settings'
Starting development server at http://0.0.0.0:8001/
Quit the server with CONTROL-C.

Watching for file changes with StatReloader
Performing system checks...

System check identified some issues:

WARNINGS:
todos.Todo: (models.W042) Auto-created primary key used when not defining a primary key type, by default 'django.db.models.AutoField'.
	HINT: Configure the DEFAULT_AUTO_FIELD setting or the TodosConfig.default_auto_field attribute to point to a subclass of AutoField, e.g. 'django.db.models.BigAutoField'.

System check identified 1 issue (0 silenced).
November 03, 2023 - 12:30:48
Django version 4.2.7, using settings 'todoApp.settings'
Starting development server at http://0.0.0.0:8001/
Quit the server with CONTROL-C.

[03/Nov/2023 12:31:02] "GET /todos/ HTTP/1.1" 200 3552
[03/Nov/2023 12:31:02] "GET /static/css/style.css HTTP/1.1" 304 0
[03/Nov/2023 12:52:02] "GET /todos/ HTTP/1.1" 200 3552
[03/Nov/2023 12:52:02] "GET /static/css/style.css HTTP/1.1" 304 0
[03/Nov/2023 12:52:05] "GET /todos/ HTTP/1.1" 200 3552
[03/Nov/2023 12:58:38] "GET /todos/ HTTP/1.1" 200 3552
[03/Nov/2023 13:09:08] "GET /todos/ HTTP/1.1" 200 3552
[03/Nov/2023 13:09:08] "GET /static/css/style.css HTTP/1.1" 304 0
[03/Nov/2023 13:39:12] "GET /todos/ HTTP/1.1" 200 3552
[03/Nov/2023 13:39:12] "GET /static/css/style.css HTTP/1.1" 304 0
[03/Nov/2023 14:10:51] "GET / HTTP/1.1" 302 0
[03/Nov/2023 14:10:59] "GET / HTTP/1.1" 302 0
[03/Nov/2023 14:11:00] "GET /todos HTTP/1.1" 301 0
[03/Nov/2023 14:11:00] "GET /todos/ HTTP/1.1" 200 3552
Not Found: /favicon.ico
[03/Nov/2023 14:11:03] "GET /favicon.ico HTTP/1.1" 404 2575
Not Found: /http:/api.ipify.org/
[03/Nov/2023 14:11:06] "GET http://api.ipify.org/?format=json HTTP/1.1" 404 1818
Not Found: /www.shadowserver.org:443
[03/Nov/2023 14:11:08] "CONNECT www.shadowserver.org:443 HTTP/1.1" 404 1827
[03/Nov/2023 14:25:24] "GET / HTTP/1.0" 302 0
[03/Nov/2023 14:25:49] "GET / HTTP/1.1" 302 0
[03/Nov/2023 14:25:49] "GET /todos HTTP/1.1" 301 0
[03/Nov/2023 14:25:50] "GET /todos/ HTTP/1.1" 200 3552
Not Found: /favicon.ico
[03/Nov/2023 14:25:50] "GET /favicon.ico HTTP/1.1" 404 2575
Not Found: /robots.txt/
[03/Nov/2023 14:26:16] "GET /robots.txt/ HTTP/1.1" 404 2575
Not Found: /.well-known/security.txt
[03/Nov/2023 14:26:17] "GET /.well-known/security.txt HTTP/1.1" 404 2614
[03/Nov/2023 15:51:02] code 400, message Bad request version ('À\x14À')
[03/Nov/2023 15:51:02] You're accessing the development server over HTTPS, but it only supports HTTP.
